Determining if the include file sys/ucred.h exists failed with the following output:
Change Dir: /home/serengeor/Coding/ZombieGameProject/libs/physfs/CMakeFiles/CMakeTmp

Run Build Command:/usr/bin/make "cmTryCompileExec2666149744/fast"
/usr/bin/make -f CMakeFiles/cmTryCompileExec2666149744.dir/build.make CMakeFiles/cmTryCompileExec2666149744.dir/build
make[1]: Entering directory `/home/serengeor/Coding/ZombieGameProject/libs/physfs/CMakeFiles/CMakeTmp'
/usr/bin/cmake -E cmake_progress_report /home/serengeor/Coding/ZombieGameProject/libs/physfs/CMakeFiles/CMakeTmp/CMakeFiles 1
Building C object CMakeFiles/cmTryCompileExec2666149744.dir/CheckIncludeFile.c.o
/usr/bin/cc    -o CMakeFiles/cmTryCompileExec2666149744.dir/CheckIncludeFile.c.o   -c /home/serengeor/Coding/ZombieGameProject/libs/physfs/CMakeFiles/CMakeTmp/CheckIncludeFile.c
/home/serengeor/Coding/ZombieGameProject/libs/physfs/CMakeFiles/CMakeTmp/CheckIncludeFile.c:1:23: fatal error: sys/ucred.h: No such file or directory
compilation terminated.
make[1]: *** [CMakeFiles/cmTryCompileExec2666149744.dir/CheckIncludeFile.c.o] Error 1
make[1]: Leaving directory `/home/serengeor/Coding/ZombieGameProject/libs/physfs/CMakeFiles/CMakeTmp'
make: *** [cmTryCompileExec2666149744/fast] Error 2


Determining if the include file sys/ucred.h exists failed with the following output:
Change Dir: /home/serengeor/Coding/ZombieProject/libs/physfs/CMakeFiles/CMakeTmp

Run Build Command:/usr/bin/make "cmTryCompileExec4231860399/fast"
/usr/bin/make -f CMakeFiles/cmTryCompileExec4231860399.dir/build.make CMakeFiles/cmTryCompileExec4231860399.dir/build
make[1]: Entering directory '/home/serengeor/Coding/ZombieProject/libs/physfs/CMakeFiles/CMakeTmp'
/usr/bin/cmake -E cmake_progress_report /home/serengeor/Coding/ZombieProject/libs/physfs/CMakeFiles/CMakeTmp/CMakeFiles 1
Building C object CMakeFiles/cmTryCompileExec4231860399.dir/CheckIncludeFile.c.o
/usr/bin/cc    -o CMakeFiles/cmTryCompileExec4231860399.dir/CheckIncludeFile.c.o   -c /home/serengeor/Coding/ZombieProject/libs/physfs/CMakeFiles/CMakeTmp/CheckIncludeFile.c
/home/serengeor/Coding/ZombieProject/libs/physfs/CMakeFiles/CMakeTmp/CheckIncludeFile.c:1:23: fatal error: sys/ucred.h: No such file or directory
 #include <sys/ucred.h>
                       ^
compilation terminated.
CMakeFiles/cmTryCompileExec4231860399.dir/build.make:60: recipe for target 'CMakeFiles/cmTryCompileExec4231860399.dir/CheckIncludeFile.c.o' failed
make[1]: *** [CMakeFiles/cmTryCompileExec4231860399.dir/CheckIncludeFile.c.o] Error 1
make[1]: Leaving directory '/home/serengeor/Coding/ZombieProject/libs/physfs/CMakeFiles/CMakeTmp'
Makefile:117: recipe for target 'cmTryCompileExec4231860399/fast' failed
make: *** [cmTryCompileExec4231860399/fast] Error 2


